22:45:59 INFO  : Registering command handlers for SDK TCF services
22:46:00 INFO  : Launching XSCT server: xsct.bat -interactive D:\Programlar\ZyboProjeler\DualCore\temp_xsdb_launch_script.tcl
22:46:02 INFO  : XSCT server has started successfully.
22:46:02 INFO  : Successfully done setting XSCT server connection channel  
22:46:02 INFO  : Successfully done setting SDK workspace  
22:46:56 INFO  : Project 'system_hw_platform_0' created. You can now create BSPs and application projects targeting this hardware platform.
22:49:04 INFO  : 'targets -set -filter {jtag_cable_name =~ "Digilent Zybo Z7 210351A81A96A" && level==0} -index 1' command is executed.
22:49:04 INFO  : 'fpga -state' command is executed.
22:49:04 INFO  : Connected to target on host '127.0.0.1' and port '3121'.
22:49:04 INFO  : Jtag cable 'Digilent Zybo Z7 210351A81A96A' is selected.
22:49:04 INFO  : 'jtag frequency' command is executed.
22:49:04 INFO  : Sourcing of 'D:/Programlar/ZyboProjeler/DualCore/system_hw_platform_0/ps7_init.tcl' is done.
22:49:04 INFO  : Context for 'APU' is selected.
22:49:04 INFO  : Hardware design information is loaded from 'D:/Programlar/ZyboProjeler/DualCore/system_hw_platform_0/system.hdf'.
22:49:04 INFO  : 'configparams force-mem-access 1' command is executed.
22:49:04 INFO  : Context for 'APU' is selected.
22:49:04 INFO  : 'stop' command is executed.
22:49:04 INFO  : 'ps7_init' command is executed.
22:49:04 INFO  : 'ps7_post_config' command is executed.
22:49:04 INFO  : Context for processor 'ps7_cortexa9_0' is selected.
22:49:05 INFO  : Processor reset is completed for 'ps7_cortexa9_0'.
22:49:05 INFO  : Context for processor 'ps7_cortexa9_1' is selected.
22:49:05 INFO  : Processor reset is completed for 'ps7_cortexa9_1'.
22:49:05 INFO  : Context for processor 'ps7_cortexa9_0' is selected.
22:49:05 INFO  : The application 'D:/Programlar/ZyboProjeler/DualCore/Core0/Debug/Core0.elf' is downloaded to processor 'ps7_cortexa9_0'.
22:49:05 INFO  : Context for processor 'ps7_cortexa9_1' is selected.
22:49:05 INFO  : The application 'D:/Programlar/ZyboProjeler/DualCore/Core1/Debug/Core1.elf' is downloaded to processor 'ps7_cortexa9_1'.
22:49:05 INFO  : 'configparams force-mem-access 0' command is executed.
22:49:05 INFO  : ----------------XSDB Script----------------
connect -url tcp:127.0.0.1:3121
source D:/Programlar/ZyboProjeler/DualCore/system_hw_platform_0/ps7_init.tcl
targets -set -nocase -filter {name =~"APU*" && jtag_cable_name =~ "Digilent Zybo Z7 210351A81A96A"} -index 0
loadhw -hw D:/Programlar/ZyboProjeler/DualCore/system_hw_platform_0/system.hdf -mem-ranges [list {0x40000000 0xbfffffff}]
configparams force-mem-access 1
targets -set -nocase -filter {name =~"APU*" && jtag_cable_name =~ "Digilent Zybo Z7 210351A81A96A"} -index 0
stop
ps7_init
ps7_post_config
targets -set -nocase -filter {name =~ "ARM*#0" && jtag_cable_name =~ "Digilent Zybo Z7 210351A81A96A"} -index 0
rst -processor
targets -set -nocase -filter {name =~ "ARM*#1" && jtag_cable_name =~ "Digilent Zybo Z7 210351A81A96A"} -index 0
rst -processor
targets -set -nocase -filter {name =~ "ARM*#0" && jtag_cable_name =~ "Digilent Zybo Z7 210351A81A96A"} -index 0
dow D:/Programlar/ZyboProjeler/DualCore/Core0/Debug/Core0.elf
targets -set -nocase -filter {name =~ "ARM*#1" && jtag_cable_name =~ "Digilent Zybo Z7 210351A81A96A"} -index 0
dow D:/Programlar/ZyboProjeler/DualCore/Core1/Debug/Core1.elf
configparams force-mem-access 0
----------------End of Script----------------

22:49:05 INFO  : Memory regions updated for context APU
22:49:05 INFO  : Context for processor 'ps7_cortexa9_0' is selected.
22:49:05 INFO  : 'con' command is executed.
22:49:05 INFO  : Context for processor 'ps7_cortexa9_1' is selected.
22:49:05 INFO  : 'con' command is executed.
22:49:05 INFO  : ----------------XSDB Script (After Launch)----------------
targets -set -nocase -filter {name =~ "ARM*#0" && jtag_cable_name =~ "Digilent Zybo Z7 210351A81A96A"} -index 0
con
targets -set -nocase -filter {name =~ "ARM*#1" && jtag_cable_name =~ "Digilent Zybo Z7 210351A81A96A"} -index 0
con
----------------End of Script----------------

22:49:05 INFO  : Launch script is exported to file 'D:\Programlar\ZyboProjeler\DualCore\.sdk\launch_scripts\xilinx_c-c++_application_(system_debugger)\system_debugger_using_debug_core0.elf_on_local.tcl'
22:50:26 INFO  : Disconnected from the channel tcfchan#1.
22:50:27 INFO  : 'targets -set -filter {jtag_cable_name =~ "Digilent Zybo Z7 210351A81A96A" && level==0} -index 1' command is executed.
22:50:28 INFO  : 'fpga -state' command is executed.
22:50:28 INFO  : Connected to target on host '127.0.0.1' and port '3121'.
22:50:28 INFO  : Jtag cable 'Digilent Zybo Z7 210351A81A96A' is selected.
22:50:28 INFO  : 'jtag frequency' command is executed.
22:50:28 INFO  : Sourcing of 'D:/Programlar/ZyboProjeler/DualCore/system_hw_platform_0/ps7_init.tcl' is done.
22:50:28 INFO  : Context for 'APU' is selected.
22:50:28 INFO  : Hardware design information is loaded from 'D:/Programlar/ZyboProjeler/DualCore/system_hw_platform_0/system.hdf'.
22:50:28 INFO  : 'configparams force-mem-access 1' command is executed.
22:50:28 INFO  : Context for 'APU' is selected.
22:50:28 INFO  : 'stop' command is executed.
22:50:28 INFO  : 'ps7_init' command is executed.
22:50:28 INFO  : 'ps7_post_config' command is executed.
22:50:28 INFO  : Context for processor 'ps7_cortexa9_0' is selected.
22:50:28 INFO  : Processor reset is completed for 'ps7_cortexa9_0'.
22:50:28 INFO  : Context for processor 'ps7_cortexa9_1' is selected.
22:50:28 INFO  : Processor reset is completed for 'ps7_cortexa9_1'.
22:50:29 INFO  : Context for processor 'ps7_cortexa9_0' is selected.
22:50:29 INFO  : The application 'D:/Programlar/ZyboProjeler/DualCore/Core0/Debug/Core0.elf' is downloaded to processor 'ps7_cortexa9_0'.
22:50:29 INFO  : Context for processor 'ps7_cortexa9_1' is selected.
22:50:29 INFO  : The application 'D:/Programlar/ZyboProjeler/DualCore/Core1/Debug/Core1.elf' is downloaded to processor 'ps7_cortexa9_1'.
22:50:29 INFO  : 'configparams force-mem-access 0' command is executed.
22:50:29 INFO  : ----------------XSDB Script----------------
connect -url tcp:127.0.0.1:3121
source D:/Programlar/ZyboProjeler/DualCore/system_hw_platform_0/ps7_init.tcl
targets -set -nocase -filter {name =~"APU*" && jtag_cable_name =~ "Digilent Zybo Z7 210351A81A96A"} -index 0
loadhw -hw D:/Programlar/ZyboProjeler/DualCore/system_hw_platform_0/system.hdf -mem-ranges [list {0x40000000 0xbfffffff}]
configparams force-mem-access 1
targets -set -nocase -filter {name =~"APU*" && jtag_cable_name =~ "Digilent Zybo Z7 210351A81A96A"} -index 0
stop
ps7_init
ps7_post_config
targets -set -nocase -filter {name =~ "ARM*#0" && jtag_cable_name =~ "Digilent Zybo Z7 210351A81A96A"} -index 0
rst -processor
targets -set -nocase -filter {name =~ "ARM*#1" && jtag_cable_name =~ "Digilent Zybo Z7 210351A81A96A"} -index 0
rst -processor
targets -set -nocase -filter {name =~ "ARM*#0" && jtag_cable_name =~ "Digilent Zybo Z7 210351A81A96A"} -index 0
dow D:/Programlar/ZyboProjeler/DualCore/Core0/Debug/Core0.elf
targets -set -nocase -filter {name =~ "ARM*#1" && jtag_cable_name =~ "Digilent Zybo Z7 210351A81A96A"} -index 0
dow D:/Programlar/ZyboProjeler/DualCore/Core1/Debug/Core1.elf
configparams force-mem-access 0
----------------End of Script----------------

22:50:29 INFO  : Memory regions updated for context APU
22:50:29 INFO  : Context for processor 'ps7_cortexa9_0' is selected.
22:50:29 INFO  : 'con' command is executed.
22:50:29 INFO  : Context for processor 'ps7_cortexa9_1' is selected.
22:50:29 INFO  : 'con' command is executed.
22:50:29 INFO  : ----------------XSDB Script (After Launch)----------------
targets -set -nocase -filter {name =~ "ARM*#0" && jtag_cable_name =~ "Digilent Zybo Z7 210351A81A96A"} -index 0
con
targets -set -nocase -filter {name =~ "ARM*#1" && jtag_cable_name =~ "Digilent Zybo Z7 210351A81A96A"} -index 0
con
----------------End of Script----------------

22:50:29 INFO  : Launch script is exported to file 'D:\Programlar\ZyboProjeler\DualCore\.sdk\launch_scripts\xilinx_c-c++_application_(system_debugger)\system_debugger_using_debug_core0.elf_on_local.tcl'
22:52:59 INFO  : Disconnected from the channel tcfchan#2.
22:53:00 INFO  : 'targets -set -filter {jtag_cable_name =~ "Digilent Zybo Z7 210351A81A96A" && level==0} -index 1' command is executed.
22:53:00 INFO  : 'fpga -state' command is executed.
22:53:00 INFO  : Connected to target on host '127.0.0.1' and port '3121'.
22:53:00 INFO  : Jtag cable 'Digilent Zybo Z7 210351A81A96A' is selected.
22:53:00 INFO  : 'jtag frequency' command is executed.
22:53:00 INFO  : Sourcing of 'D:/Programlar/ZyboProjeler/DualCore/system_hw_platform_0/ps7_init.tcl' is done.
22:53:00 INFO  : Context for 'APU' is selected.
22:53:00 INFO  : Hardware design information is loaded from 'D:/Programlar/ZyboProjeler/DualCore/system_hw_platform_0/system.hdf'.
22:53:00 INFO  : 'configparams force-mem-access 1' command is executed.
22:53:00 INFO  : Context for 'APU' is selected.
22:53:00 INFO  : 'stop' command is executed.
22:53:01 INFO  : 'ps7_init' command is executed.
22:53:01 INFO  : 'ps7_post_config' command is executed.
22:53:01 INFO  : Context for processor 'ps7_cortexa9_0' is selected.
22:53:01 INFO  : Processor reset is completed for 'ps7_cortexa9_0'.
22:53:01 INFO  : Context for processor 'ps7_cortexa9_1' is selected.
22:53:01 INFO  : Processor reset is completed for 'ps7_cortexa9_1'.
22:53:01 INFO  : Context for processor 'ps7_cortexa9_0' is selected.
22:53:01 INFO  : The application 'D:/Programlar/ZyboProjeler/DualCore/Core0/Debug/Core0.elf' is downloaded to processor 'ps7_cortexa9_0'.
22:53:01 INFO  : Context for processor 'ps7_cortexa9_1' is selected.
22:53:01 INFO  : The application 'D:/Programlar/ZyboProjeler/DualCore/Core1/Debug/Core1.elf' is downloaded to processor 'ps7_cortexa9_1'.
22:53:01 INFO  : 'configparams force-mem-access 0' command is executed.
22:53:01 INFO  : ----------------XSDB Script----------------
connect -url tcp:127.0.0.1:3121
source D:/Programlar/ZyboProjeler/DualCore/system_hw_platform_0/ps7_init.tcl
targets -set -nocase -filter {name =~"APU*" && jtag_cable_name =~ "Digilent Zybo Z7 210351A81A96A"} -index 0
loadhw -hw D:/Programlar/ZyboProjeler/DualCore/system_hw_platform_0/system.hdf -mem-ranges [list {0x40000000 0xbfffffff}]
configparams force-mem-access 1
targets -set -nocase -filter {name =~"APU*" && jtag_cable_name =~ "Digilent Zybo Z7 210351A81A96A"} -index 0
stop
ps7_init
ps7_post_config
targets -set -nocase -filter {name =~ "ARM*#0" && jtag_cable_name =~ "Digilent Zybo Z7 210351A81A96A"} -index 0
rst -processor
targets -set -nocase -filter {name =~ "ARM*#1" && jtag_cable_name =~ "Digilent Zybo Z7 210351A81A96A"} -index 0
rst -processor
targets -set -nocase -filter {name =~ "ARM*#0" && jtag_cable_name =~ "Digilent Zybo Z7 210351A81A96A"} -index 0
dow D:/Programlar/ZyboProjeler/DualCore/Core0/Debug/Core0.elf
targets -set -nocase -filter {name =~ "ARM*#1" && jtag_cable_name =~ "Digilent Zybo Z7 210351A81A96A"} -index 0
dow D:/Programlar/ZyboProjeler/DualCore/Core1/Debug/Core1.elf
configparams force-mem-access 0
----------------End of Script----------------

22:53:01 INFO  : Memory regions updated for context APU
22:53:02 INFO  : Context for processor 'ps7_cortexa9_0' is selected.
22:53:02 INFO  : 'con' command is executed.
22:53:02 INFO  : Context for processor 'ps7_cortexa9_1' is selected.
22:53:02 INFO  : 'con' command is executed.
22:53:02 INFO  : ----------------XSDB Script (After Launch)----------------
targets -set -nocase -filter {name =~ "ARM*#0" && jtag_cable_name =~ "Digilent Zybo Z7 210351A81A96A"} -index 0
con
targets -set -nocase -filter {name =~ "ARM*#1" && jtag_cable_name =~ "Digilent Zybo Z7 210351A81A96A"} -index 0
con
----------------End of Script----------------

22:53:02 INFO  : Launch script is exported to file 'D:\Programlar\ZyboProjeler\DualCore\.sdk\launch_scripts\xilinx_c-c++_application_(system_debugger)\system_debugger_using_debug_core0.elf_on_local.tcl'
22:54:32 INFO  : Disconnected from the channel tcfchan#3.
22:54:34 INFO  : 'targets -set -filter {jtag_cable_name =~ "Digilent Zybo Z7 210351A81A96A" && level==0} -index 1' command is executed.
22:54:34 INFO  : 'fpga -state' command is executed.
22:54:34 INFO  : Connected to target on host '127.0.0.1' and port '3121'.
22:54:34 INFO  : Jtag cable 'Digilent Zybo Z7 210351A81A96A' is selected.
22:54:34 INFO  : 'jtag frequency' command is executed.
22:54:34 INFO  : Sourcing of 'D:/Programlar/ZyboProjeler/DualCore/system_hw_platform_0/ps7_init.tcl' is done.
22:54:34 INFO  : Context for 'APU' is selected.
22:54:34 INFO  : Hardware design information is loaded from 'D:/Programlar/ZyboProjeler/DualCore/system_hw_platform_0/system.hdf'.
22:54:34 INFO  : 'configparams force-mem-access 1' command is executed.
22:54:34 INFO  : Context for 'APU' is selected.
22:54:34 INFO  : 'stop' command is executed.
22:54:34 INFO  : 'ps7_init' command is executed.
22:54:34 INFO  : 'ps7_post_config' command is executed.
22:54:34 INFO  : Context for processor 'ps7_cortexa9_0' is selected.
22:54:34 INFO  : Processor reset is completed for 'ps7_cortexa9_0'.
22:54:34 INFO  : Context for processor 'ps7_cortexa9_1' is selected.
22:54:34 INFO  : Processor reset is completed for 'ps7_cortexa9_1'.
22:54:34 INFO  : Context for processor 'ps7_cortexa9_0' is selected.
22:54:35 INFO  : The application 'D:/Programlar/ZyboProjeler/DualCore/Core0/Debug/Core0.elf' is downloaded to processor 'ps7_cortexa9_0'.
22:54:35 INFO  : Context for processor 'ps7_cortexa9_1' is selected.
22:54:35 INFO  : The application 'D:/Programlar/ZyboProjeler/DualCore/Core1/Debug/Core1.elf' is downloaded to processor 'ps7_cortexa9_1'.
22:54:35 INFO  : 'configparams force-mem-access 0' command is executed.
22:54:35 INFO  : ----------------XSDB Script----------------
connect -url tcp:127.0.0.1:3121
source D:/Programlar/ZyboProjeler/DualCore/system_hw_platform_0/ps7_init.tcl
targets -set -nocase -filter {name =~"APU*" && jtag_cable_name =~ "Digilent Zybo Z7 210351A81A96A"} -index 0
loadhw -hw D:/Programlar/ZyboProjeler/DualCore/system_hw_platform_0/system.hdf -mem-ranges [list {0x40000000 0xbfffffff}]
configparams force-mem-access 1
targets -set -nocase -filter {name =~"APU*" && jtag_cable_name =~ "Digilent Zybo Z7 210351A81A96A"} -index 0
stop
ps7_init
ps7_post_config
targets -set -nocase -filter {name =~ "ARM*#0" && jtag_cable_name =~ "Digilent Zybo Z7 210351A81A96A"} -index 0
rst -processor
targets -set -nocase -filter {name =~ "ARM*#1" && jtag_cable_name =~ "Digilent Zybo Z7 210351A81A96A"} -index 0
rst -processor
targets -set -nocase -filter {name =~ "ARM*#0" && jtag_cable_name =~ "Digilent Zybo Z7 210351A81A96A"} -index 0
dow D:/Programlar/ZyboProjeler/DualCore/Core0/Debug/Core0.elf
targets -set -nocase -filter {name =~ "ARM*#1" && jtag_cable_name =~ "Digilent Zybo Z7 210351A81A96A"} -index 0
dow D:/Programlar/ZyboProjeler/DualCore/Core1/Debug/Core1.elf
configparams force-mem-access 0
----------------End of Script----------------

22:54:35 INFO  : Memory regions updated for context APU
22:54:35 INFO  : Context for processor 'ps7_cortexa9_0' is selected.
22:54:35 INFO  : 'con' command is executed.
22:54:35 INFO  : Context for processor 'ps7_cortexa9_1' is selected.
22:54:35 INFO  : 'con' command is executed.
22:54:35 INFO  : ----------------XSDB Script (After Launch)----------------
targets -set -nocase -filter {name =~ "ARM*#0" && jtag_cable_name =~ "Digilent Zybo Z7 210351A81A96A"} -index 0
con
targets -set -nocase -filter {name =~ "ARM*#1" && jtag_cable_name =~ "Digilent Zybo Z7 210351A81A96A"} -index 0
con
----------------End of Script----------------

22:54:35 INFO  : Launch script is exported to file 'D:\Programlar\ZyboProjeler\DualCore\.sdk\launch_scripts\xilinx_c-c++_application_(system_debugger)\system_debugger_using_debug_core0.elf_on_local.tcl'
22:56:46 INFO  : Disconnected from the channel tcfchan#4.
22:56:47 INFO  : 'targets -set -filter {jtag_cable_name =~ "Digilent Zybo Z7 210351A81A96A" && level==0} -index 1' command is executed.
22:56:47 INFO  : 'fpga -state' command is executed.
22:56:47 INFO  : Connected to target on host '127.0.0.1' and port '3121'.
22:56:47 INFO  : Jtag cable 'Digilent Zybo Z7 210351A81A96A' is selected.
22:56:47 INFO  : 'jtag frequency' command is executed.
22:56:47 INFO  : Sourcing of 'D:/Programlar/ZyboProjeler/DualCore/system_hw_platform_0/ps7_init.tcl' is done.
22:56:47 INFO  : Context for 'APU' is selected.
22:56:47 INFO  : Hardware design information is loaded from 'D:/Programlar/ZyboProjeler/DualCore/system_hw_platform_0/system.hdf'.
22:56:47 INFO  : 'configparams force-mem-access 1' command is executed.
22:56:47 INFO  : Context for 'APU' is selected.
22:56:47 INFO  : 'stop' command is executed.
22:56:48 INFO  : 'ps7_init' command is executed.
22:56:48 INFO  : 'ps7_post_config' command is executed.
22:56:48 INFO  : Context for processor 'ps7_cortexa9_0' is selected.
22:56:48 INFO  : The application 'D:/Programlar/ZyboProjeler/DualCore/Core0/Debug/Core0.elf' is downloaded to processor 'ps7_cortexa9_0'.
22:56:48 INFO  : Context for processor 'ps7_cortexa9_1' is selected.
22:56:48 INFO  : The application 'D:/Programlar/ZyboProjeler/DualCore/Core1/Debug/Core1.elf' is downloaded to processor 'ps7_cortexa9_1'.
22:56:48 INFO  : 'configparams force-mem-access 0' command is executed.
22:56:48 INFO  : ----------------XSDB Script----------------
connect -url tcp:127.0.0.1:3121
source D:/Programlar/ZyboProjeler/DualCore/system_hw_platform_0/ps7_init.tcl
targets -set -nocase -filter {name =~"APU*" && jtag_cable_name =~ "Digilent Zybo Z7 210351A81A96A"} -index 0
loadhw -hw D:/Programlar/ZyboProjeler/DualCore/system_hw_platform_0/system.hdf -mem-ranges [list {0x40000000 0xbfffffff}]
configparams force-mem-access 1
targets -set -nocase -filter {name =~"APU*" && jtag_cable_name =~ "Digilent Zybo Z7 210351A81A96A"} -index 0
stop
ps7_init
ps7_post_config
targets -set -nocase -filter {name =~ "ARM*#0" && jtag_cable_name =~ "Digilent Zybo Z7 210351A81A96A"} -index 0
dow D:/Programlar/ZyboProjeler/DualCore/Core0/Debug/Core0.elf
targets -set -nocase -filter {name =~ "ARM*#1" && jtag_cable_name =~ "Digilent Zybo Z7 210351A81A96A"} -index 0
dow D:/Programlar/ZyboProjeler/DualCore/Core1/Debug/Core1.elf
configparams force-mem-access 0
----------------End of Script----------------

22:56:48 INFO  : Memory regions updated for context APU
22:56:48 INFO  : Context for processor 'ps7_cortexa9_0' is selected.
22:56:49 INFO  : 'con' command is executed.
22:56:49 INFO  : Context for processor 'ps7_cortexa9_1' is selected.
22:56:49 INFO  : 'con' command is executed.
22:56:49 INFO  : ----------------XSDB Script (After Launch)----------------
targets -set -nocase -filter {name =~ "ARM*#0" && jtag_cable_name =~ "Digilent Zybo Z7 210351A81A96A"} -index 0
con
targets -set -nocase -filter {name =~ "ARM*#1" && jtag_cable_name =~ "Digilent Zybo Z7 210351A81A96A"} -index 0
con
----------------End of Script----------------

22:56:49 INFO  : Launch script is exported to file 'D:\Programlar\ZyboProjeler\DualCore\.sdk\launch_scripts\xilinx_c-c++_application_(system_debugger)\system_debugger_using_debug_core0.elf_on_local.tcl'
00:15:06 INFO  : Disconnected from the channel tcfchan#5.
22:34:27 INFO  : Registering command handlers for SDK TCF services
22:34:28 INFO  : Launching XSCT server: xsct.bat -interactive D:\Programlar\Vivado\VivadoProjects\DualCore\temp_xsdb_launch_script.tcl
22:34:30 INFO  : XSCT server has started successfully.
22:34:30 INFO  : Successfully done setting XSCT server connection channel  
22:34:30 INFO  : Successfully done setting SDK workspace  
22:35:45 ERROR : (XSDB Server)ERROR: [Hsi 55-1594] Core gpio of version 4.4 not found in repositories

22:35:45 ERROR : (XSDB Server)ERROR: [Hsi 55-1594] Core coresightps_dcc of version 1.5 not found in repositories
ERROR: [Hsi 55-1594] Core emacps of version 3.9 not found in repositories
ERROR: [Hsi 55-1594] Core gpiops of version 3.5 not found in repositories
ERROR: [Hsi 55-1594] Core qspips of version 3.6 not found in repositories
ERROR: [Hsi 55-1594] Core scugic of version 4.0 not found in repositories
ERROR: [Hsi 55-1594] Core sdps of version 3.7 not found in repositories
ERROR: [Hsi 55-1594] Core standalone of version 7.0 not found in repositories

22:35:45 ERROR : (XSDB Server)ERROR: [Hsi 55-1452] Error: running open_sw_design.

22:35:45 ERROR :  [Common 17-39] 'hsi::open_sw_design' failed due to earlier errors.
22:35:45 ERROR : (XSDB Server)ERROR: [Hsi 55-1594] Core gpio of version 4.4 not found in repositories

22:35:45 ERROR : (XSDB Server)ERROR: [Hsi 55-1594] Core coresightps_dcc of version 1.5 not found in repositories
ERROR: [Hsi 55-1594] Core emacps of version 3.9 not found in repositories

22:35:45 ERROR : (XSDB Server)ERROR: [Hsi 55-1594] Core gpiops of version 3.5 not found in repositories

22:35:45 ERROR : (XSDB Server)ERROR: [Hsi 55-1594] Core qspips of version 3.6 not found in repositories

22:35:45 ERROR : (XSDB Server)ERROR: [Hsi 55-1594] Core scugic of version 4.0 not found in repositories

22:35:45 ERROR : (XSDB Server)ERROR: [Hsi 55-1594] Core sdps of version 3.7 not found in repositories

22:35:45 ERROR : (XSDB Server)ERROR: [Hsi 55-1594] Core standalone of version 7.0 not found in repositories

22:35:45 ERROR : (XSDB Server)ERROR: [Hsi 55-1452] Error: running open_sw_design.

22:35:45 INFO  : Unable to read in MSS file D:\Programlar\Vivado\VivadoProjects\DualCore\Core0_bsp\system.mss : null
22:35:45 ERROR : (XSDB Server)ERROR: [Hsi 55-1594] Core gpio of version 4.4 not found in repositories

22:35:45 ERROR : (XSDB Server)ERROR: [Hsi 55-1594] Core coresightps_dcc of version 1.5 not found in repositories
ERROR: [Hsi 55-1594] Core emacps of version 3.9 not found in repositories

22:35:45 ERROR : (XSDB Server)ERROR: [Hsi 55-1594] Core gpiops of version 3.5 not found in repositories
ERROR: [Hsi 55-1594] Core qspips of version 3.6 not found in repositories
ERROR: [Hsi 55-1594] Core scugic of version 4.0 not found in repositories
ERROR: [Hsi 55-1594] Core sdps of version 3.7 not found in repositories
ERROR: [Hsi 55-1594] Core standalone of version 7.0 not found in repositories
ERROR: [Hsi 55-1452] Error: running open_sw_design.

22:35:45 ERROR : (XSDB Server)ERROR: [Hsi 55-1594] Core gpio of version 4.4 not found in repositories

22:35:45 ERROR : (XSDB Server)ERROR: [Hsi 55-1594] Core coresightps_dcc of version 1.5 not found in repositories
ERROR: [Hsi 55-1594] Core emacps of version 3.9 not found in repositories
ERROR: [Hsi 55-1594] Core gpiops of version 3.5 not found in repositories

22:35:45 ERROR : (XSDB Server)ERROR: [Hsi 55-1594] Core qspips of version 3.6 not found in repositories
ERROR: [Hsi 55-1594] Core scugic of version 4.0 not found in repositories

22:35:45 ERROR : (XSDB Server)ERROR: [Hsi 55-1594] Core sdps of version 3.7 not found in repositories

22:35:45 ERROR : (XSDB Server)ERROR: [Hsi 55-1594] Core standalone of version 7.0 not found in repositories
ERROR: [Hsi 55-1452] Error: running open_sw_design.

22:35:45 ERROR : (XSDB Server)ERROR: [Hsi 55-1594] Core gpio of version 4.4 not found in repositories

22:35:45 ERROR : (XSDB Server)ERROR: [Hsi 55-1594] Core coresightps_dcc of version 1.5 not found in repositories
ERROR: [Hsi 55-1594] Core emacps of version 3.9 not found in repositories

22:35:45 ERROR : (XSDB Server)ERROR: [Hsi 55-1594] Core gpiops of version 3.5 not found in repositories
ERROR: [Hsi 55-1594] Core qspips of version 3.6 not found in repositories

22:35:45 ERROR : (XSDB Server)ERROR: [Hsi 55-1594] Core scugic of version 4.0 not found in repositories

22:35:45 ERROR : (XSDB Server)ERROR: [Hsi 55-1594] Core sdps of version 3.7 not found in repositories

22:35:45 ERROR : (XSDB Server)ERROR: [Hsi 55-1594] Core standalone of version 7.0 not found in repositories

22:35:45 ERROR : (XSDB Server)ERROR: [Hsi 55-1452] Error: running open_sw_design.

22:35:45 ERROR :  [Common 17-39] 'hsi::open_sw_design' failed due to earlier errors.
22:35:45 ERROR : (XSDB Server)ERROR: [Hsi 55-1594] Core gpio of version 4.4 not found in repositories

22:35:45 ERROR : (XSDB Server)ERROR: [Hsi 55-1594] Core coresightps_dcc of version 1.5 not found in repositories
ERROR: [Hsi 55-1594] Core emacps of version 3.9 not found in repositories

22:35:45 ERROR : (XSDB Server)ERROR: [Hsi 55-1594] Core gpiops of version 3.5 not found in repositories

22:35:45 ERROR : (XSDB Server)ERROR: [Hsi 55-1594] Core qspips of version 3.6 not found in repositories

22:35:45 ERROR : (XSDB Server)ERROR: [Hsi 55-1594] Core scugic of version 4.0 not found in repositories

22:35:45 ERROR : (XSDB Server)ERROR: [Hsi 55-1594] Core sdps of version 3.7 not found in repositories

22:35:45 ERROR : (XSDB Server)ERROR: [Hsi 55-1594] Core standalone of version 7.0 not found in repositories

22:35:45 ERROR : (XSDB Server)ERROR: [Hsi 55-1452] Error: running open_sw_design.

22:35:45 INFO  : Unable to read in MSS file D:\Programlar\Vivado\VivadoProjects\DualCore\Core0_bsp\system.mss : null
22:35:45 ERROR : (XSDB Server)ERROR: [Hsi 55-1594] Core gpio of version 4.4 not found in repositories

22:35:45 ERROR : (XSDB Server)ERROR: [Hsi 55-1594] Core coresightps_dcc of version 1.5 not found in repositories
ERROR: [Hsi 55-1594] Core emacps of version 3.9 not found in repositories

22:35:45 ERROR : (XSDB Server)ERROR: [Hsi 55-1594] Core gpiops of version 3.5 not found in repositories
ERROR: [Hsi 55-1594] Core qspips of version 3.6 not found in repositories
ERROR: [Hsi 55-1594] Core scugic of version 4.0 not found in repositories

22:35:45 ERROR : (XSDB Server)ERROR: [Hsi 55-1594] Core sdps of version 3.7 not found in repositories

22:35:45 ERROR : (XSDB Server)ERROR: [Hsi 55-1594] Core standalone of version 7.0 not found in repositories

22:35:45 ERROR : (XSDB Server)ERROR: [Hsi 55-1452] Error: running open_sw_design.

22:35:45 ERROR : Failed to closesw "D:/Programlar/Vivado/VivadoProjects/DualCore/Core0_bsp/system.mss"
Reason: Cannot close sw design 'D:/Programlar/Vivado/VivadoProjects/DualCore/Core0_bsp/system.mss'.
Design is not opened in the current session.


22:36:02 ERROR : (XSDB Server)ERROR: [Hsi 55-1594] Core gpio of version 4.4 not found in repositories

22:36:02 ERROR : (XSDB Server)ERROR: [Hsi 55-1594] Core coresightps_dcc of version 1.5 not found in repositories
ERROR: [Hsi 55-1594] Core emacps of version 3.9 not found in repositories
ERROR: [Hsi 55-1594] Core gpiops of version 3.5 not found in repositories
ERROR: [Hsi 55-1594] Core qspips of version 3.6 not found in repositories
ERROR: [Hsi 55-1594] Core scugic of version 4.0 not found in repositories
ERROR: [Hsi 55-1594] Core sdps of version 3.7 not found in repositories

22:36:02 ERROR : (XSDB Server)ERROR: [Hsi 55-1594] Core standalone of version 7.0 not found in repositories
ERROR: [Hsi 55-1452] Error: running open_sw_design.

22:36:02 ERROR :  [Common 17-39] 'hsi::open_sw_design' failed due to earlier errors.
22:36:02 ERROR : (XSDB Server)ERROR: [Hsi 55-1594] Core gpio of version 4.4 not found in repositories

22:36:02 ERROR : (XSDB Server)ERROR: [Hsi 55-1594] Core coresightps_dcc of version 1.5 not found in repositories
ERROR: [Hsi 55-1594] Core emacps of version 3.9 not found in repositories

22:36:02 ERROR : (XSDB Server)ERROR: [Hsi 55-1594] Core gpiops of version 3.5 not found in repositories

22:36:02 ERROR : (XSDB Server)ERROR: [Hsi 55-1594] Core qspips of version 3.6 not found in repositories

22:36:02 ERROR : (XSDB Server)ERROR: [Hsi 55-1594] Core scugic of version 4.0 not found in repositories

22:36:02 ERROR : (XSDB Server)ERROR: [Hsi 55-1594] Core sdps of version 3.7 not found in repositories

22:36:02 ERROR : (XSDB Server)ERROR: [Hsi 55-1594] Core standalone of version 7.0 not found in repositories

22:36:02 ERROR : (XSDB Server)ERROR: [Hsi 55-1452] Error: running open_sw_design.

22:36:02 INFO  : Unable to read in MSS file D:\Programlar\Vivado\VivadoProjects\DualCore\Core1_bsp\system.mss : null
22:36:02 ERROR : (XSDB Server)ERROR: [Hsi 55-1594] Core gpio of version 4.4 not found in repositories

22:36:02 ERROR : (XSDB Server)ERROR: [Hsi 55-1594] Core coresightps_dcc of version 1.5 not found in repositories

22:36:02 ERROR : (XSDB Server)ERROR: [Hsi 55-1594] Core emacps of version 3.9 not found in repositories
ERROR: [Hsi 55-1594] Core gpiops of version 3.5 not found in repositories
ERROR: [Hsi 55-1594] Core qspips of version 3.6 not found in repositories

22:36:02 ERROR : (XSDB Server)ERROR: [Hsi 55-1594] Core scugic of version 4.0 not found in repositories
ERROR: [Hsi 55-1594] Core sdps of version 3.7 not found in repositories

22:36:02 ERROR : (XSDB Server)ERROR: [Hsi 55-1594] Core standalone of version 7.0 not found in repositories

22:36:02 ERROR : (XSDB Server)ERROR: [Hsi 55-1452] Error: running open_sw_design.

22:36:02 ERROR : (XSDB Server)ERROR: [Hsi 55-1594] Core gpio of version 4.4 not found in repositories

22:36:02 ERROR : (XSDB Server)ERROR: [Hsi 55-1594] Core coresightps_dcc of version 1.5 not found in repositories

22:36:02 ERROR : (XSDB Server)ERROR: [Hsi 55-1594] Core emacps of version 3.9 not found in repositories

22:36:02 ERROR : (XSDB Server)ERROR: [Hsi 55-1594] Core gpiops of version 3.5 not found in repositories

22:36:02 ERROR : (XSDB Server)ERROR: [Hsi 55-1594] Core qspips of version 3.6 not found in repositories

22:36:02 ERROR : (XSDB Server)ERROR: [Hsi 55-1594] Core scugic of version 4.0 not found in repositories

22:36:02 ERROR : (XSDB Server)ERROR: [Hsi 55-1594] Core sdps of version 3.7 not found in repositories

22:36:02 ERROR : (XSDB Server)ERROR: [Hsi 55-1594] Core standalone of version 7.0 not found in repositories

22:36:02 ERROR : (XSDB Server)ERROR: [Hsi 55-1452] Error: running open_sw_design.

22:36:03 ERROR : (XSDB Server)ERROR: [Hsi 55-1594] Core gpio of version 4.4 not found in repositories

22:36:03 ERROR : (XSDB Server)ERROR: [Hsi 55-1594] Core coresightps_dcc of version 1.5 not found in repositories
ERROR: [Hsi 55-1594] Core emacps of version 3.9 not found in repositories

22:36:03 ERROR : (XSDB Server)ERROR: [Hsi 55-1594] Core gpiops of version 3.5 not found in repositories

22:36:03 ERROR : (XSDB Server)ERROR: [Hsi 55-1594] Core qspips of version 3.6 not found in repositories

22:36:03 ERROR : (XSDB Server)ERROR: [Hsi 55-1594] Core scugic of version 4.0 not found in repositories

22:36:03 ERROR : (XSDB Server)ERROR: [Hsi 55-1594] Core sdps of version 3.7 not found in repositories

22:36:03 ERROR : (XSDB Server)ERROR: [Hsi 55-1594] Core standalone of version 7.0 not found in repositories

22:36:03 ERROR : (XSDB Server)ERROR: [Hsi 55-1452] Error: running open_sw_design.

22:36:03 ERROR :  [Common 17-39] 'hsi::open_sw_design' failed due to earlier errors.
22:36:03 ERROR : (XSDB Server)ERROR: [Hsi 55-1594] Core gpio of version 4.4 not found in repositories

22:36:03 ERROR : (XSDB Server)ERROR: [Hsi 55-1594] Core coresightps_dcc of version 1.5 not found in repositories
ERROR: [Hsi 55-1594] Core emacps of version 3.9 not found in repositories
ERROR: [Hsi 55-1594] Core gpiops of version 3.5 not found in repositories

22:36:03 ERROR : (XSDB Server)ERROR: [Hsi 55-1452] Error: running open_sw_design.

22:36:03 INFO  : Unable to read in MSS file D:\Programlar\Vivado\VivadoProjects\DualCore\Core1_bsp\system.mss : null
22:36:03 ERROR : (XSDB Server)ERROR: [Hsi 55-1452] Error: running open_sw_design.

22:36:03 ERROR : Failed to closesw "D:/Programlar/Vivado/VivadoProjects/DualCore/Core1_bsp/system.mss"
Reason: Cannot close sw design 'D:/Programlar/Vivado/VivadoProjects/DualCore/Core1_bsp/system.mss'.
Design is not opened in the current session.


22:36:26 ERROR : (XSDB Server)ERROR: [Hsi 55-1452] Error: running open_sw_design.

22:36:26 ERROR :  [Common 17-39] 'hsi::open_sw_design' failed due to earlier errors.
22:36:26 ERROR : (XSDB Server)ERROR: [Hsi 55-1452] Error: running open_sw_design.

22:36:26 INFO  : Unable to read in MSS file D:\Programlar\Vivado\VivadoProjects\DualCore\Core0_bsp\system.mss : null
22:36:26 ERROR : Failed to closesw "D:/Programlar/Vivado/VivadoProjects/DualCore/Core0_bsp/system.mss"
Reason: Cannot close sw design 'D:/Programlar/Vivado/VivadoProjects/DualCore/Core0_bsp/system.mss'.
Design is not opened in the current session.


